{"numTotalTestSuites":2,"numPassedTestSuites":2,"numFailedTestSuites":0,"numPendingTestSuites":0,"numTotalTests":7,"numPassedTests":7,"numFailedTests":0,"numPendingTests":0,"numTodoTests":0,"snapshot":{"added":0,"failure":false,"filesAdded":0,"filesRemoved":0,"filesRemovedList":[],"filesUnmatched":0,"filesUpdated":0,"matched":0,"total":0,"unchecked":0,"uncheckedKeysByFile":[],"unmatched":0,"updated":0,"didUpdate":false},"startTime":1772350700036,"success":true,"testResults":[{"assertionResults":[{"ancestorTitles":["PATCH /api/team/members/[memberId]/role"],"fullName":"PATCH /api/team/members/[memberId]/role updates member role successfully","status":"passed","title":"updates member role successfully","duration":4.184084000000098,"failureMessages":[],"meta":{}},{"ancestorTitles":["PATCH /api/team/members/[memberId]/role"],"fullName":"PATCH /api/team/members/[memberId]/role returns 403 when user is not an admin","status":"passed","title":"returns 403 when user is not an admin","duration":2.836041000000023,"failureMessages":[],"meta":{}},{"ancestorTitles":["PATCH /api/team/members/[memberId]/role"],"fullName":"PATCH /api/team/members/[memberId]/role returns 400 when role is invalid","status":"passed","title":"returns 400 when role is invalid","duration":1.0415419999999358,"failureMessages":[],"meta":{}},{"ancestorTitles":["PATCH /api/team/members/[memberId]/role"],"fullName":"PATCH /api/team/members/[memberId]/role returns 500 when memberId is not a UUID (unhandled ZodError)","status":"passed","title":"returns 500 when memberId is not a UUID (unhandled ZodError)","duration":1.093499999999949,"failureMessages":[],"meta":{}},{"ancestorTitles":["PATCH /api/team/members/[memberId]/role"],"fullName":"PATCH /api/team/members/[memberId]/role returns 404 when member is not found","status":"passed","title":"returns 404 when member is not found","duration":1.3174999999999955,"failureMessages":[],"meta":{}},{"ancestorTitles":["PATCH /api/team/members/[memberId]/role"],"fullName":"PATCH /api/team/members/[memberId]/role returns 404 when service update fails","status":"passed","title":"returns 404 when service update fails","duration":0.8648749999999836,"failureMessages":[],"meta":{}},{"ancestorTitles":["PATCH /api/team/members/[memberId]/role"],"fullName":"PATCH /api/team/members/[memberId]/role returns 500 when team service is not available","status":"passed","title":"returns 500 when team service is not available","duration":0.5192499999999427,"failureMessages":[],"meta":{}}],"startTime":1772350700346,"endTime":1772350700358.5193,"status":"passed","message":"","name":"/Users/rincewind/.openclaw/workspace/User-Management/app/api/team/members/[memberId]/role/__tests__/route.test.ts"}]}