{"numTotalTestSuites":3,"numPassedTestSuites":0,"numFailedTestSuites":3,"numPendingTestSuites":0,"numTotalTests":3,"numPassedTests":1,"numFailedTests":2,"numPendingTests":0,"numTodoTests":0,"snapshot":{"added":0,"failure":false,"filesAdded":0,"filesRemoved":0,"filesRemovedList":[],"filesUnmatched":0,"filesUpdated":0,"matched":0,"total":0,"unchecked":0,"uncheckedKeysByFile":[],"unmatched":0,"updated":0,"didUpdate":false},"startTime":1772343853930,"success":false,"testResults":[{"assertionResults":[{"ancestorTitles":["/api/settings GET"],"fullName":"/api/settings GET returns user settings","status":"failed","title":"returns user settings","duration":7.928875000000062,"failureMessages":["AssertionError: expected 500 to be 200 // Object.is equality\n    at /Users/rincewind/.openclaw/workspace/User-Management/app/api/settings/__tests__/route.test.ts:31:24\n    at file:///Users/rincewind/.openclaw/workspace/User-Management/node_modules/@vitest/runner/dist/index.js:596:20"],"meta":{}},{"ancestorTitles":["/api/settings PATCH"],"fullName":"/api/settings PATCH updates user settings","status":"failed","title":"updates user settings","duration":1.074583999999959,"failureMessages":["AssertionError: expected 500 to be 200 // Object.is equality\n    at /Users/rincewind/.openclaw/workspace/User-Management/app/api/settings/__tests__/route.test.ts:43:24\n    at file:///Users/rincewind/.openclaw/workspace/User-Management/node_modules/@vitest/runner/dist/index.js:596:20"],"meta":{}},{"ancestorTitles":["/api/settings PATCH"],"fullName":"/api/settings PATCH returns 500 on failure","status":"passed","title":"returns 500 on failure","duration":0.6136249999999563,"failureMessages":[],"meta":{}}],"startTime":1772343854420,"endTime":1772343854429.6135,"status":"failed","message":"","name":"/Users/rincewind/.openclaw/workspace/User-Management/app/api/settings/__tests__/route.test.ts"}]}